2022-08-11 14:03:31.068 DEBUG 25308 --- [http-nio-8080-exec-7] o.s.web.servlet.DispatcherServlet        : GET "/buku", parameters={}
2022-08-11 14:03:31.073 DEBUG 25308 --- [http-nio-8080-exec-7] s.w.s.m.m.a.RequestMappingHandlerMapping : Mapped to com.example.practicecrud1.controller.BukuController#getBukus()
2022-08-11 14:03:31.269 DEBUG 25308 --- [http-nio-8080-exec-7] o.s.w.s.m.m.a.HttpEntityMethodProcessor  : Using 'application/json;q=0.8', given [text/html, application/xhtml+xml, image/avif, image/webp, application/xml;q=0.9, */*;q=0.8] and supported [application/json, application/*+json, application/json, application/*+json]
2022-08-11 14:03:31.269 DEBUG 25308 --- [http-nio-8080-exec-7] o.s.w.s.m.m.a.HttpEntityMethodProcessor  : Writing [[com.example.practicecrud1.model.Buku@6b9cd090, com.example.practicecrud1.model.Buku@2574f4e6, com.e (truncated)...]
2022-08-11 14:03:31.289 DEBUG 25308 --- [http-nio-8080-exec-7] o.s.web.servlet.DispatcherServlet        : Completed 302 FOUND
2022-08-11 14:07:29.005  INFO 9872 --- [main] com.example.practicecrud1.LoggingTest    : Starting LoggingTest using Java 11.0.14 on PLZNB6694610430 with PID 9872 (started by c020822005 in D:\David\Project\PracticeCRUD1\PracticeCRUD1)
2022-08-11 14:07:29.007  INFO 9872 --- [main] com.example.practicecrud1.LoggingTest    : No active profile set, falling back to 1 default profile: "default"
2022-08-11 14:07:29.056 DEBUG 9872 --- [main] o.s.w.c.s.GenericWebApplicationContext   : Refreshing org.springframework.web.context.support.GenericWebApplicationContext@67fe380b
2022-08-11 14:07:29.680  INFO 9872 --- [main] .s.d.r.c.RepositoryConfigurationDelegate : Bootstrapping Spring Data JPA repositories in DEFAULT mode.
2022-08-11 14:07:29.740  INFO 9872 --- [main] .s.d.r.c.RepositoryConfigurationDelegate : Finished Spring Data repository scanning in 51 ms. Found 1 JPA repository interfaces.
2022-08-11 14:07:30.293  INFO 9872 --- [main] com.zaxxer.hikari.HikariDataSource       : HikariPool-1 - Starting...
2022-08-11 14:07:30.473  INFO 9872 --- [main] com.zaxxer.hikari.HikariDataSource       : HikariPool-1 - Start completed.
2022-08-11 14:07:30.532  INFO 9872 --- [main] o.hibernate.jpa.internal.util.LogHelper  : HHH000204: Processing PersistenceUnitInfo [name: default]
2022-08-11 14:07:30.592  INFO 9872 --- [main] org.hibernate.Version                    : HHH000412: Hibernate ORM core version 5.6.10.Final
2022-08-11 14:07:30.790  INFO 9872 --- [main] o.hibernate.annotations.common.Version   : HCANN000001: Hibernate Commons Annotations {5.1.2.Final}
2022-08-11 14:07:31.049  INFO 9872 --- [main] org.hibernate.dialect.Dialect            : HHH000400: Using dialect: org.hibernate.dialect.MySQL5InnoDBDialect
2022-08-11 14:07:31.596  INFO 9872 --- [main] o.h.e.t.j.p.i.JtaPlatformInitiator       : HHH000490: Using JtaPlatform implementation: [org.hibernate.engine.transaction.jta.platform.internal.NoJtaPlatform]
2022-08-11 14:07:31.606  INFO 9872 --- [main] j.LocalContainerEntityManagerFactoryBean : Initialized JPA EntityManagerFactory for persistence unit 'default'
2022-08-11 14:07:31.934  WARN 9872 --- [main] JpaBaseConfiguration$JpaWebConfiguration : spring.jpa.open-in-view is enabled by default. Therefore, database queries may be performed during view rendering. Explicitly configure spring.jpa.open-in-view to disable this warning
2022-08-11 14:07:32.244  INFO 9872 --- [main] o.s.s.web.DefaultSecurityFilterChain     : Will secure any request with [org.springframework.security.web.session.DisableEncodeUrlFilter@7b7b1448, org.springframework.security.web.context.request.async.WebAsyncManagerIntegrationFilter@60cc20e1, org.springframework.security.web.context.SecurityContextPersistenceFilter@1ee22768, org.springframework.security.web.header.HeaderWriterFilter@417751d3, org.springframework.security.web.csrf.CsrfFilter@66596c4c, org.springframework.security.web.authentication.logout.LogoutFilter@64b8eb96, org.springframework.security.web.authentication.UsernamePasswordAuthenticationFilter@2e20c20b, org.springframework.security.web.authentication.ui.DefaultLoginPageGeneratingFilter@564d3940, org.springframework.security.web.authentication.ui.DefaultLogoutPageGeneratingFilter@25109d84, org.springframework.security.web.authentication.www.BasicAuthenticationFilter@36f40d72, org.springframework.security.web.savedrequest.RequestCacheAwareFilter@5cf80dfb, org.springframework.security.web.servletapi.SecurityContextHolderAwareRequestFilter@17fb5184, org.springframework.security.web.authentication.AnonymousAuthenticationFilter@4a1934e2, org.springframework.security.web.session.SessionManagementFilter@65259737, org.springframework.security.web.access.ExceptionTranslationFilter@11ca8f71, org.springframework.security.web.access.intercept.FilterSecurityInterceptor@55c20a91]
2022-08-11 14:07:32.663 DEBUG 9872 --- [main] s.w.s.m.m.a.RequestMappingHandlerAdapter : ControllerAdvice beans: 0 @ModelAttribute, 0 @InitBinder, 1 RequestBodyAdvice, 1 ResponseBodyAdvice
2022-08-11 14:07:32.789 DEBUG 9872 --- [main] s.w.s.m.m.a.RequestMappingHandlerMapping : 8 mappings in 'requestMappingHandlerMapping'
2022-08-11 14:07:32.830 DEBUG 9872 --- [main] o.s.w.s.handler.SimpleUrlHandlerMapping  : Patterns [/webjars/**, /**] in 'resourceHandlerMapping'
2022-08-11 14:07:32.846 DEBUG 9872 --- [main] .m.m.a.ExceptionHandlerExceptionResolver : ControllerAdvice beans: 0 @ExceptionHandler, 1 ResponseBodyAdvice
2022-08-11 14:07:33.081  INFO 9872 --- [main] com.example.practicecrud1.LoggingTest    : Started LoggingTest in 4.518 seconds (JVM running for 5.858)
2022-08-11 14:07:33.479 DEBUG 9872 --- [SpringApplicationShutdownHook] o.s.w.c.s.GenericWebApplicationContext   : Closing org.springframework.web.context.support.GenericWebApplicationContext@67fe380b, started on Thu Aug 11 14:07:29 ICT 2022
2022-08-11 14:07:33.481  INFO 9872 --- [SpringApplicationShutdownHook] j.LocalContainerEntityManagerFactoryBean : Closing JPA EntityManagerFactory for persistence unit 'default'
2022-08-11 14:07:33.482  INFO 9872 --- [SpringApplicationShutdownHook] com.zaxxer.hikari.HikariDataSource       : HikariPool-1 - Shutdown initiated...
2022-08-11 14:07:33.493  INFO 9872 --- [SpringApplicationShutdownHook] com.zaxxer.hikari.HikariDataSource       : HikariPool-1 - Shutdown completed.
2022-08-11 14:07:42.876  INFO 17192 --- [main] com.example.practicecrud1.LoggingTest    : Starting LoggingTest using Java 11.0.14 on PLZNB6694610430 with PID 17192 (started by c020822005 in D:\David\Project\PracticeCRUD1\PracticeCRUD1)
2022-08-11 14:07:42.877  INFO 17192 --- [main] com.example.practicecrud1.LoggingTest    : No active profile set, falling back to 1 default profile: "default"
2022-08-11 14:07:42.918 DEBUG 17192 --- [main] o.s.w.c.s.GenericWebApplicationContext   : Refreshing org.springframework.web.context.support.GenericWebApplicationContext@67fe380b
2022-08-11 14:07:43.606  INFO 17192 --- [main] .s.d.r.c.RepositoryConfigurationDelegate : Bootstrapping Spring Data JPA repositories in DEFAULT mode.
2022-08-11 14:07:43.673  INFO 17192 --- [main] .s.d.r.c.RepositoryConfigurationDelegate : Finished Spring Data repository scanning in 54 ms. Found 1 JPA repository interfaces.
2022-08-11 14:07:44.254  INFO 17192 --- [main] com.zaxxer.hikari.HikariDataSource       : HikariPool-1 - Starting...
2022-08-11 14:07:44.442  INFO 17192 --- [main] com.zaxxer.hikari.HikariDataSource       : HikariPool-1 - Start completed.
2022-08-11 14:07:44.500  INFO 17192 --- [main] o.hibernate.jpa.internal.util.LogHelper  : HHH000204: Processing PersistenceUnitInfo [name: default]
2022-08-11 14:07:44.564  INFO 17192 --- [main] org.hibernate.Version                    : HHH000412: Hibernate ORM core version 5.6.10.Final
2022-08-11 14:07:44.763  INFO 17192 --- [main] o.hibernate.annotations.common.Version   : HCANN000001: Hibernate Commons Annotations {5.1.2.Final}
2022-08-11 14:07:45.044  INFO 17192 --- [main] org.hibernate.dialect.Dialect            : HHH000400: Using dialect: org.hibernate.dialect.MySQL5InnoDBDialect
2022-08-11 14:07:45.645  INFO 17192 --- [main] o.h.e.t.j.p.i.JtaPlatformInitiator       : HHH000490: Using JtaPlatform implementation: [org.hibernate.engine.transaction.jta.platform.internal.NoJtaPlatform]
2022-08-11 14:07:45.656  INFO 17192 --- [main] j.LocalContainerEntityManagerFactoryBean : Initialized JPA EntityManagerFactory for persistence unit 'default'
2022-08-11 14:07:46.046  WARN 17192 --- [main] JpaBaseConfiguration$JpaWebConfiguration : spring.jpa.open-in-view is enabled by default. Therefore, database queries may be performed during view rendering. Explicitly configure spring.jpa.open-in-view to disable this warning
2022-08-11 14:07:46.348  INFO 17192 --- [main] o.s.s.web.DefaultSecurityFilterChain     : Will secure any request with [org.springframework.security.web.session.DisableEncodeUrlFilter@7b7b1448, org.springframework.security.web.context.request.async.WebAsyncManagerIntegrationFilter@60cc20e1, org.springframework.security.web.context.SecurityContextPersistenceFilter@1ee22768, org.springframework.security.web.header.HeaderWriterFilter@417751d3, org.springframework.security.web.csrf.CsrfFilter@66596c4c, org.springframework.security.web.authentication.logout.LogoutFilter@64b8eb96, org.springframework.security.web.authentication.UsernamePasswordAuthenticationFilter@2e20c20b, org.springframework.security.web.authentication.ui.DefaultLoginPageGeneratingFilter@564d3940, org.springframework.security.web.authentication.ui.DefaultLogoutPageGeneratingFilter@25109d84, org.springframework.security.web.authentication.www.BasicAuthenticationFilter@36f40d72, org.springframework.security.web.savedrequest.RequestCacheAwareFilter@5cf80dfb, org.springframework.security.web.servletapi.SecurityContextHolderAwareRequestFilter@17fb5184, org.springframework.security.web.authentication.AnonymousAuthenticationFilter@4a1934e2, org.springframework.security.web.session.SessionManagementFilter@65259737, org.springframework.security.web.access.ExceptionTranslationFilter@11ca8f71, org.springframework.security.web.access.intercept.FilterSecurityInterceptor@55c20a91]
2022-08-11 14:07:46.817 DEBUG 17192 --- [main] s.w.s.m.m.a.RequestMappingHandlerAdapter : ControllerAdvice beans: 0 @ModelAttribute, 0 @InitBinder, 1 RequestBodyAdvice, 1 ResponseBodyAdvice
2022-08-11 14:07:46.943 DEBUG 17192 --- [main] s.w.s.m.m.a.RequestMappingHandlerMapping : 8 mappings in 'requestMappingHandlerMapping'
2022-08-11 14:07:46.986 DEBUG 17192 --- [main] o.s.w.s.handler.SimpleUrlHandlerMapping  : Patterns [/webjars/**, /**] in 'resourceHandlerMapping'
2022-08-11 14:07:47.011 DEBUG 17192 --- [main] .m.m.a.ExceptionHandlerExceptionResolver : ControllerAdvice beans: 0 @ExceptionHandler, 1 ResponseBodyAdvice
2022-08-11 14:07:47.213  INFO 17192 --- [main] com.example.practicecrud1.LoggingTest    : Started LoggingTest in 4.746 seconds (JVM running for 6.322)
2022-08-11 14:07:47.547 DEBUG 17192 --- [SpringApplicationShutdownHook] o.s.w.c.s.GenericWebApplicationContext   : Closing org.springframework.web.context.support.GenericWebApplicationContext@67fe380b, started on Thu Aug 11 14:07:42 ICT 2022
2022-08-11 14:07:47.551  INFO 17192 --- [SpringApplicationShutdownHook] j.LocalContainerEntityManagerFactoryBean : Closing JPA EntityManagerFactory for persistence unit 'default'
2022-08-11 14:07:47.560  INFO 17192 --- [SpringApplicationShutdownHook] com.zaxxer.hikari.HikariDataSource       : HikariPool-1 - Shutdown initiated...
2022-08-11 14:07:47.575  INFO 17192 --- [SpringApplicationShutdownHook] com.zaxxer.hikari.HikariDataSource       : HikariPool-1 - Shutdown completed.
2022-08-11 14:23:58.905  INFO 31648 --- [main] com.example.practicecrud1.LoggingTest    : Starting LoggingTest using Java 11.0.14 on PLZNB6694610430 with PID 31648 (started by c020822005 in D:\David\Project\PracticeCRUD1\PracticeCRUD1)
2022-08-11 14:23:58.907  INFO 31648 --- [main] com.example.practicecrud1.LoggingTest    : No active profile set, falling back to 1 default profile: "default"
2022-08-11 14:23:58.943 DEBUG 31648 --- [main] o.s.w.c.s.GenericWebApplicationContext   : Refreshing org.springframework.web.context.support.GenericWebApplicationContext@67fe380b
2022-08-11 14:23:59.635  INFO 31648 --- [main] .s.d.r.c.RepositoryConfigurationDelegate : Bootstrapping Spring Data JPA repositories in DEFAULT mode.
2022-08-11 14:23:59.711  INFO 31648 --- [main] .s.d.r.c.RepositoryConfigurationDelegate : Finished Spring Data repository scanning in 57 ms. Found 1 JPA repository interfaces.
2022-08-11 14:24:00.301  INFO 31648 --- [main] com.zaxxer.hikari.HikariDataSource       : HikariPool-1 - Starting...
2022-08-11 14:24:00.498  INFO 31648 --- [main] com.zaxxer.hikari.HikariDataSource       : HikariPool-1 - Start completed.
2022-08-11 14:24:00.569  INFO 31648 --- [main] o.hibernate.jpa.internal.util.LogHelper  : HHH000204: Processing PersistenceUnitInfo [name: default]
2022-08-11 14:24:00.648  INFO 31648 --- [main] org.hibernate.Version                    : HHH000412: Hibernate ORM core version 5.6.10.Final
2022-08-11 14:24:00.896  INFO 31648 --- [main] o.hibernate.annotations.common.Version   : HCANN000001: Hibernate Commons Annotations {5.1.2.Final}
2022-08-11 14:24:01.334  INFO 31648 --- [main] org.hibernate.dialect.Dialect            : HHH000400: Using dialect: org.hibernate.dialect.MySQL5InnoDBDialect
2022-08-11 14:24:01.903  INFO 31648 --- [main] o.h.e.t.j.p.i.JtaPlatformInitiator       : HHH000490: Using JtaPlatform implementation: [org.hibernate.engine.transaction.jta.platform.internal.NoJtaPlatform]
2022-08-11 14:24:01.920  INFO 31648 --- [main] j.LocalContainerEntityManagerFactoryBean : Initialized JPA EntityManagerFactory for persistence unit 'default'
2022-08-11 14:24:02.309  WARN 31648 --- [main] JpaBaseConfiguration$JpaWebConfiguration : spring.jpa.open-in-view is enabled by default. Therefore, database queries may be performed during view rendering. Explicitly configure spring.jpa.open-in-view to disable this warning
2022-08-11 14:24:02.630  INFO 31648 --- [main] o.s.s.web.DefaultSecurityFilterChain     : Will secure any request with [org.springframework.security.web.session.DisableEncodeUrlFilter@61d150af, org.springframework.security.web.context.request.async.WebAsyncManagerIntegrationFilter@2c8f65da, org.springframework.security.web.context.SecurityContextPersistenceFilter@1c5fd813, org.springframework.security.web.header.HeaderWriterFilter@564d3940, org.springframework.security.web.csrf.CsrfFilter@79c849c7, org.springframework.security.web.authentication.logout.LogoutFilter@55c341d0, org.springframework.security.web.authentication.UsernamePasswordAuthenticationFilter@36f40d72, org.springframework.security.web.authentication.ui.DefaultLoginPageGeneratingFilter@5c34b0f2, org.springframework.security.web.authentication.ui.DefaultLogoutPageGeneratingFilter@587400a9, org.springframework.security.web.authentication.www.BasicAuthenticationFilter@642ec6, org.springframework.security.web.savedrequest.RequestCacheAwareFilter@4abdd5e, org.springframework.security.web.servletapi.SecurityContextHolderAwareRequestFilter@731fae, org.springframework.security.web.authentication.AnonymousAuthenticationFilter@1f0f92f5, org.springframework.security.web.session.SessionManagementFilter@45635ae1, org.springframework.security.web.access.ExceptionTranslationFilter@17fb5184, org.springframework.security.web.access.intercept.FilterSecurityInterceptor@5b6f3d0b]
2022-08-11 14:24:03.160 DEBUG 31648 --- [main] s.w.s.m.m.a.RequestMappingHandlerAdapter : ControllerAdvice beans: 0 @ModelAttribute, 0 @InitBinder, 1 RequestBodyAdvice, 1 ResponseBodyAdvice
2022-08-11 14:24:03.323 DEBUG 31648 --- [main] s.w.s.m.m.a.RequestMappingHandlerMapping : 8 mappings in 'requestMappingHandlerMapping'
2022-08-11 14:24:03.367 DEBUG 31648 --- [main] o.s.w.s.handler.SimpleUrlHandlerMapping  : Patterns [/webjars/**, /**] in 'resourceHandlerMapping'
2022-08-11 14:24:03.391 DEBUG 31648 --- [main] .m.m.a.ExceptionHandlerExceptionResolver : ControllerAdvice beans: 0 @ExceptionHandler, 1 ResponseBodyAdvice
2022-08-11 14:24:03.589  INFO 31648 --- [main] com.example.practicecrud1.LoggingTest    : Started LoggingTest in 5.071 seconds (JVM running for 6.343)
2022-08-11 14:24:03.916  WARN 31648 --- [main] com.example.practicecrud1.LoggingTest    : berhasil simpan
2022-08-11 14:24:03.961 DEBUG 31648 --- [SpringApplicationShutdownHook] o.s.w.c.s.GenericWebApplicationContext   : Closing org.springframework.web.context.support.GenericWebApplicationContext@67fe380b, started on Thu Aug 11 14:23:58 ICT 2022
2022-08-11 14:24:03.971  INFO 31648 --- [SpringApplicationShutdownHook] j.LocalContainerEntityManagerFactoryBean : Closing JPA EntityManagerFactory for persistence unit 'default'
2022-08-11 14:24:03.973  INFO 31648 --- [SpringApplicationShutdownHook] com.zaxxer.hikari.HikariDataSource       : HikariPool-1 - Shutdown initiated...
2022-08-11 14:24:04.022  INFO 31648 --- [SpringApplicationShutdownHook] com.zaxxer.hikari.HikariDataSource       : HikariPool-1 - Shutdown completed.
